2025-05-05 00:34:25,697 - INFO - 네이버 검색 노출 모니터링 스케줄러가 시작되었습니다.
2025-05-05 00:34:25,697 - INFO - 초기 모니터링 실행 중...
2025-05-05 00:34:25,697 - INFO - 모니터링 작업 시작
2025-05-05 00:34:25,697 - INFO - 실행 시간: 2025-05-05 00:34:25
2025-05-05 00:34:33,715 - ERROR - 모니터링 실행 중 오류 발생: Command '['python3', 'main.py', '--pages', '3', '--export', '--all-categories']' returned non-zero exit status 1.
2025-05-05 00:34:33,715 - ERROR - 오류 출력: 
키워드 검색 중: 0it [00:00, ?it/s]
키워드 검색 중: 0it [00:00, ?it/s]
Traceback (most recent call last):
  File "/Users/gangminlee/project/keywordExposure/main.py", line 60, in <module>
    main()
  File "/Users/gangminlee/project/keywordExposure/main.py", line 57, in main
    reporter.export_csv()
  File "/Users/gangminlee/project/keywordExposure/src/reporter.py", line 90, in export_csv
    os.makedirs(OUTPUT_DIR, exist_ok=True)
  File "/Library/Developer/CommandLineTools/Library/Frameworks/Python3.framework/Versions/3.9/lib/python3.9/os.py", line 215, in makedirs
    makedirs(head, exist_ok=exist_ok)
  File "/Library/Developer/CommandLineTools/Library/Frameworks/Python3.framework/Versions/3.9/lib/python3.9/os.py", line 215, in makedirs
    makedirs(head, exist_ok=exist_ok)
  File "/Library/Developer/CommandLineTools/Library/Frameworks/Python3.framework/Versions/3.9/lib/python3.9/os.py", line 215, in makedirs
    makedirs(head, exist_ok=exist_ok)
  File "/Library/Developer/CommandLineTools/Library/Frameworks/Python3.framework/Versions/3.9/lib/python3.9/os.py", line 225, in makedirs
    mkdir(name, mode)
PermissionError: [Errno 13] Permission denied: '/var/www'

2025-05-05 00:34:33,715 - INFO - 스케줄러가 3시간마다 모니터링을 실행하도록 설정되었습니다.
2025-05-05 00:34:49,966 - INFO - 사용자에 의해 스케줄러가 중지되었습니다.
2025-05-05 00:36:28,533 - INFO - 네이버 검색 노출 모니터링 스케줄러가 시작되었습니다.
2025-05-05 00:36:28,533 - INFO - 초기 모니터링 실행 중...
2025-05-05 00:36:28,533 - INFO - 모니터링 작업 시작
2025-05-05 00:36:28,533 - INFO - 실행 시간: 2025-05-05 00:36:28
2025-05-05 00:36:28,831 - ERROR - 모니터링 실행 중 오류 발생: Command '['python3', 'main.py', '--pages', '3', '--export', '--all-categories']' returned non-zero exit status 1.
2025-05-05 00:36:28,832 - ERROR - 오류 출력: 
키워드 검색 중: 0it [00:00, ?it/s]
키워드 검색 중: 0it [00:00, ?it/s]
Traceback (most recent call last):
  File "/Users/gangminlee/project/keywordExposure/main.py", line 60, in <module>
    main()
  File "/Users/gangminlee/project/keywordExposure/main.py", line 57, in main
    reporter.export_csv()
  File "/Users/gangminlee/project/keywordExposure/src/reporter.py", line 90, in export_csv
    os.makedirs(OUTPUT_DIR, exist_ok=True)
  File "/Library/Developer/CommandLineTools/Library/Frameworks/Python3.framework/Versions/3.9/lib/python3.9/os.py", line 225, in makedirs
    mkdir(name, mode)
OSError: [Errno 30] Read-only file system: '/data'

2025-05-05 00:36:28,832 - INFO - 스케줄러가 3시간마다 모니터링을 실행하도록 설정되었습니다.
2025-05-05 00:36:46,137 - INFO - 사용자에 의해 스케줄러가 중지되었습니다.
2025-05-05 00:36:47,052 - INFO - 네이버 검색 노출 모니터링 스케줄러가 시작되었습니다.
2025-05-05 00:36:47,052 - INFO - 초기 모니터링 실행 중...
2025-05-05 00:36:47,052 - INFO - 모니터링 작업 시작
2025-05-05 00:36:47,052 - INFO - 실행 시간: 2025-05-05 00:36:47
2025-05-05 00:36:47,356 - ERROR - 모니터링 실행 중 오류 발생: Command '['python3', 'main.py', '--pages', '3', '--export', '--all-categories']' returned non-zero exit status 1.
2025-05-05 00:36:47,356 - ERROR - 오류 출력: 
키워드 검색 중: 0it [00:00, ?it/s]
키워드 검색 중: 0it [00:00, ?it/s]
Traceback (most recent call last):
  File "/Users/gangminlee/project/keywordExposure/main.py", line 60, in <module>
    main()
  File "/Users/gangminlee/project/keywordExposure/main.py", line 57, in main
    reporter.export_csv()
  File "/Users/gangminlee/project/keywordExposure/src/reporter.py", line 134, in export_csv
    shutil.copy2(self.results_path, json_path)
  File "/Library/Developer/CommandLineTools/Library/Frameworks/Python3.framework/Versions/3.9/lib/python3.9/shutil.py", line 435, in copy2
    copyfile(src, dst, follow_symlinks=follow_symlinks)
  File "/Library/Developer/CommandLineTools/Library/Frameworks/Python3.framework/Versions/3.9/lib/python3.9/shutil.py", line 244, in copyfile
    raise SameFileError("{!r} and {!r} are the same file".format(src, dst))
shutil.SameFileError: 'data/latest_results_cancer.json' and 'data/latest_results_cancer.json' are the same file

2025-05-05 00:36:47,356 - INFO - 스케줄러가 3시간마다 모니터링을 실행하도록 설정되었습니다.
2025-05-05 00:37:03,636 - INFO - 사용자에 의해 스케줄러가 중지되었습니다.
2025-05-05 00:39:07,088 - INFO - 네이버 검색 노출 모니터링 스케줄러가 시작되었습니다.
2025-05-05 00:39:07,088 - INFO - 초기 모니터링 실행 중...
2025-05-05 00:39:07,089 - INFO - 모니터링 작업 시작
2025-05-05 00:39:07,089 - INFO - 실행 시간: 2025-05-05 00:39:07
2025-05-05 00:39:07,179 - INFO - 명령어 출력:
2025-05-05 00:39:07,179 - INFO - 실행

===== 카테고리: cancer =====
경고: 설정 파일이 없습니다: config/keywords_cancer.json
cancer 카테고리를 건너뜁니다.

===== 카테고리: diabetes =====
경고: 설정 파일이 없습니다: config/keywords_diabetes.json
diabetes 카테고리를 건너뜁니다.

===== 카테고리: cream =====
경고: 설정 파일이 없습니다: config/keywords_cream.json
cream 카테고리를 건너뜁니다.

2025-05-05 00:39:07,179 - INFO - 모니터링 작업 완료
2025-05-05 00:39:07,179 - INFO - 스케줄러가 3시간마다 모니터링을 실행하도록 설정되었습니다.
2025-05-05 00:39:18,127 - INFO - 사용자에 의해 스케줄러가 중지되었습니다.
2025-05-05 00:42:52,006 - INFO - 네이버 검색 노출 모니터링 스케줄러가 시작되었습니다.
2025-05-05 00:42:52,006 - INFO - 초기 모니터링 실행 중...
2025-05-05 00:42:52,007 - INFO - 모니터링 작업 시작
2025-05-05 00:42:52,007 - INFO - 실행 시간: 2025-05-05 00:42:52
2025-05-05 00:44:36,175 - INFO - 네이버 검색 노출 모니터링 스케줄러가 시작되었습니다.
2025-05-05 00:44:36,175 - INFO - 초기 모니터링 실행 중...
2025-05-05 00:44:36,175 - INFO - 모니터링 작업 시작
2025-05-05 00:44:36,175 - INFO - 실행 시간: 2025-05-05 00:44:36
2025-05-05 00:45:07,321 - INFO - 명령어 출력:
2025-05-05 00:45:07,321 - INFO - 실행

===== 카테고리: cancer =====
cancer 카테고리에 대한 네이버 검색 노출 모니터링을 시작합니다...
총 2 개의 키워드를 모니터링합니다...

키워드 '발효 황칠뿌리진액' 검색 중...
  페이지 1 검색 중...
'발효 황칠뿌리진액' 검색 중 (페이지 1)...
모든 a 태그에서 URL 추출 시도...
20개의 nocr 속성 요소 발견
135개의 잠재적 컨테이너 발견
총 92개의 고유 URL을 추출했습니다.
추출된 URL 목록:
  페이지 1에서 92개의 URL을 찾았습니다.
  페이지 2 검색 중...
'발효 황칠뿌리진액' 검색 중 (페이지 2)...
모든 a 태그에서 URL 추출 시도...
20개의 nocr 속성 요소 발견
135개의 잠재적 컨테이너 발견
총 92개의 고유 URL을 추출했습니다.
추출된 URL 목록:
  페이지 2에서 92개의 URL을 찾았습니다.
  페이지 3 검색 중...
'발효 황칠뿌리진액' 검색 중 (페이지 3)...
모든 a 태그에서 URL 추출 시도...
20개의 nocr 속성 요소 발견
135개의 잠재적 컨테이너 발견
총 92개의 고유 URL을 추출했습니다.
추출된 URL 목록:
  페이지 3에서 92개의 URL을 찾았습니다.
  URL 'https://cafe.naver.com/lung/295443' - 노출
  URL 'https://cafe.naver.com/rksghwhantk/1244726' - 노출
  URL 'https://cafe.naver.com/shopjirmsin/10233254' - 노출

키워드 '위암초기증상' 검색 중...
  페이지 1 검색 중...
'위암초기증상' 검색 중 (페이지 1)...
모든 a 태그에서 URL 추출 시도...
44개의 nocr 속성 요소 발견
190개의 잠재적 컨테이너 발견
총 124개의 고유 URL을 추출했습니다.
추출된 URL 목록:
  페이지 1에서 124개의 URL을 찾았습니다.
  페이지 2 검색 중...
'위암초기증상' 검색 중 (페이지 2)...
모든 a 태그에서 URL 추출 시도...
44개의 nocr 속성 요소 발견
190개의 잠재적 컨테이너 발견
총 124개의 고유 URL을 추출했습니다.
추출된 URL 목록:
  페이지 2에서 124개의 URL을 찾았습니다.
  페이지 3 검색 중...
'위암초기증상' 검색 중 (페이지 3)...
모든 a 태그에서 URL 추출 시도...
44개의 nocr 속성 요소 발견
190개의 잠재적 컨테이너 발견
총 124개의 고유 URL을 추출했습니다.
추출된 URL 목록:
  페이지 3에서 124개의 URL을 찾았습니다.
  URL 'https://cafe.naver.com/zoozoocom/253181' - 노출
  URL 'https://cafe.naver.com/gimhaezumma/2628264' - 노출

모니터링 결과가 data/latest_results_cancer.json에 저장되었습니다.

==================================================
 네이버 검색 노출 모니터링 보고서 - CANCER
==================================================
생성 시간: 2025-05-05 00:44:36

[노출된 키워드]
+-----------+-----------------+
| 키워드       | 상태              |
+===========+=================+
| 발효 황칠뿌리진액 | 모든 URL 노출 (3/3) |
+-----------+-----------------+
| 위암초기증상    | 모든 URL 노출 (2/2) |
+-----------+-----------------+

[노출되지 않은 키워드]
모든 키워드가 노출되었습니다.
JSON 결과가 data/latest_results_cancer.json에 저장되었습니다.

===== 카테고리: diabetes =====
diabetes 카테고리에 대한 네이버 검색 노출 모니터링을 시작합니다...
총 1 개의 키워드를 모니터링합니다...

키워드 '발효 황칠골드' 검색 중...
  페이지 1 검색 중...
'발효 황칠골드' 검색 중 (페이지 1)...
모든 a 태그에서 URL 추출 시도...
34개의 nocr 속성 요소 발견
176개의 잠재적 컨테이너 발견
총 136개의 고유 URL을 추출했습니다.
추출된 URL 목록:
  페이지 1에서 136개의 URL을 찾았습니다.
  페이지 2 검색 중...
'발효 황칠골드' 검색 중 (페이지 2)...
모든 a 태그에서 URL 추출 시도...
34개의 nocr 속성 요소 발견
176개의 잠재적 컨테이너 발견
총 136개의 고유 URL을 추출했습니다.
추출된 URL 목록:
  페이지 2에서 136개의 URL을 찾았습니다.
  페이지 3 검색 중...
'발효 황칠골드' 검색 중 (페이지 3)...
모든 a 태그에서 URL 추출 시도...
34개의 nocr 속성 요소 발견
176개의 잠재적 컨테이너 발견
총 136개의 고유 URL을 추출했습니다.
추출된 URL 목록:
  페이지 3에서 136개의 URL을 찾았습니다.
  URL 'https://blog.naver.com/8555tjsdhr/223538843483' - 노출

모니터링 결과가 data/latest_results_diabetes.json에 저장되었습니다.

==================================================
 네이버 검색 노출 모니터링 보고서 - DIABETES
==================================================
생성 시간: 2025-05-05 00:44:51

[노출된 키워드]
+---------+-----------------+
| 키워드     | 상태              |
+=========+=================+
| 발효 황칠골드 | 모든 URL 노출 (1/1) |
+---------+-----------------+

[노출되지 않은 키워드]
모든 키워드가 노출되었습니다.
JSON 결과가 data/latest_results_diabetes.json에 저장되었습니다.

===== 카테고리: cream =====
cream 카테고리에 대한 네이버 검색 노출 모니터링을 시작합니다...
총 1 개의 키워드를 모니터링합니다...

키워드 '리프팅크림' 검색 중...
  페이지 1 검색 중...
'리프팅크림' 검색 중 (페이지 1)...
모든 a 태그에서 URL 추출 시도...
108개의 nocr 속성 요소 발견
624개의 잠재적 컨테이너 발견
총 222개의 고유 URL을 추출했습니다.
추출된 URL 목록:
  페이지 1에서 222개의 URL을 찾았습니다.
  페이지 2 검색 중...
'리프팅크림' 검색 중 (페이지 2)...
모든 a 태그에서 URL 추출 시도...
108개의 nocr 속성 요소 발견
624개의 잠재적 컨테이너 발견
총 221개의 고유 URL을 추출했습니다.
추출된 URL 목록:
  페이지 2에서 221개의 URL을 찾았습니다.
  페이지 3 검색 중...
'리프팅크림' 검색 중 (페이지 3)...
모든 a 태그에서 URL 추출 시도...
108개의 nocr 속성 요소 발견
624개의 잠재적 컨테이너 발견
총 221개의 고유 URL을 추출했습니다.
추출된 URL 목록:
  페이지 3에서 221개의 URL을 찾았습니다.

모니터링 결과가 data/latest_results_cream.json에 저장되었습니다.

==================================================
 네이버 검색 노출 모니터링 보고서 - CREAM
==================================================
생성 시간: 2025-05-05 00:44:58

[노출된 키워드]
노출된 키워드가 없습니다.

[노출되지 않은 키워드]
+-------+-------------+
| 키워드   | 상태          |
+=======+=============+
| 리프팅크림 | 노출 없음 (0/0) |
+-------+-------------+
JSON 결과가 data/latest_results_cream.json에 저장되었습니다.

2025-05-05 00:45:07,321 - INFO - 모니터링 작업 완료
2025-05-05 00:45:07,321 - INFO - 스케줄러가 3시간마다 모니터링을 실행하도록 설정되었습니다.
2025-05-05 00:48:31,001 - INFO - 사용자에 의해 스케줄러가 중지되었습니다.
2025-05-05 00:48:31,799 - INFO - 네이버 검색 노출 모니터링 스케줄러가 시작되었습니다.
2025-05-05 00:48:31,799 - INFO - 초기 모니터링 실행 중...
2025-05-05 00:48:31,799 - INFO - 모니터링 작업 시작
2025-05-05 00:48:31,799 - INFO - 실행 시간: 2025-05-05 00:48:31
2025-05-05 00:48:31,829 - INFO - 명령어 출력:
2025-05-05 00:48:31,830 - INFO - 
2025-05-05 00:48:31,830 - INFO - 모니터링 작업 완료
2025-05-05 00:48:31,830 - INFO - 스케줄러가 3시간마다 모니터링을 실행하도록 설정되었습니다.
2025-05-05 00:48:46,871 - INFO - 사용자에 의해 스케줄러가 중지되었습니다.
2025-05-05 00:48:48,815 - INFO - 네이버 검색 노출 모니터링 스케줄러가 시작되었습니다.
2025-05-05 00:48:48,815 - INFO - 초기 모니터링 실행 중...
2025-05-05 00:48:48,815 - INFO - 모니터링 작업 시작
2025-05-05 00:48:48,815 - INFO - 실행 시간: 2025-05-05 00:48:48
2025-05-05 00:48:48,841 - INFO - 명령어 출력:
2025-05-05 00:48:48,841 - INFO - 
2025-05-05 00:48:48,841 - INFO - 모니터링 작업 완료
2025-05-05 00:48:48,841 - INFO - 스케줄러가 3시간마다 모니터링을 실행하도록 설정되었습니다.
2025-05-05 00:48:50,490 - INFO - 사용자에 의해 스케줄러가 중지되었습니다.
2025-05-05 00:49:01,128 - INFO - 네이버 검색 노출 모니터링 스케줄러가 시작되었습니다.
2025-05-05 00:49:01,128 - INFO - 초기 모니터링 실행 중...
2025-05-05 00:49:01,128 - INFO - 모니터링 작업 시작
2025-05-05 00:49:01,128 - INFO - 실행 시간: 2025-05-05 00:49:01
2025-05-05 00:49:30,817 - INFO - 명령어 출력:
2025-05-05 00:49:30,817 - INFO - 실행

===== 카테고리: cancer =====
cancer 카테고리에 대한 네이버 검색 노출 모니터링을 시작합니다...
총 2 개의 키워드를 모니터링합니다...

키워드 '발효 황칠뿌리진액' 검색 중...
  페이지 1 검색 중...
'발효 황칠뿌리진액' 검색 중 (페이지 1)...
모든 a 태그에서 URL 추출 시도...
20개의 nocr 속성 요소 발견
135개의 잠재적 컨테이너 발견
총 92개의 고유 URL을 추출했습니다.
추출된 URL 목록:
  페이지 1에서 92개의 URL을 찾았습니다.
  페이지 2 검색 중...
'발효 황칠뿌리진액' 검색 중 (페이지 2)...
모든 a 태그에서 URL 추출 시도...
20개의 nocr 속성 요소 발견
135개의 잠재적 컨테이너 발견
총 92개의 고유 URL을 추출했습니다.
추출된 URL 목록:
  페이지 2에서 92개의 URL을 찾았습니다.
  페이지 3 검색 중...
'발효 황칠뿌리진액' 검색 중 (페이지 3)...
모든 a 태그에서 URL 추출 시도...
20개의 nocr 속성 요소 발견
135개의 잠재적 컨테이너 발견
총 92개의 고유 URL을 추출했습니다.
추출된 URL 목록:
  페이지 3에서 92개의 URL을 찾았습니다.
  URL 'https://cafe.naver.com/lung/295443' - 노출
  URL 'https://cafe.naver.com/rksghwhantk/1244726' - 노출
  URL 'https://cafe.naver.com/shopjirmsin/10233254' - 노출

키워드 '위암초기증상' 검색 중...
  페이지 1 검색 중...
'위암초기증상' 검색 중 (페이지 1)...
모든 a 태그에서 URL 추출 시도...
44개의 nocr 속성 요소 발견
190개의 잠재적 컨테이너 발견
총 124개의 고유 URL을 추출했습니다.
추출된 URL 목록:
  페이지 1에서 124개의 URL을 찾았습니다.
  페이지 2 검색 중...
'위암초기증상' 검색 중 (페이지 2)...
모든 a 태그에서 URL 추출 시도...
44개의 nocr 속성 요소 발견
190개의 잠재적 컨테이너 발견
총 124개의 고유 URL을 추출했습니다.
추출된 URL 목록:
  페이지 2에서 124개의 URL을 찾았습니다.
  페이지 3 검색 중...
'위암초기증상' 검색 중 (페이지 3)...
모든 a 태그에서 URL 추출 시도...
44개의 nocr 속성 요소 발견
190개의 잠재적 컨테이너 발견
총 124개의 고유 URL을 추출했습니다.
추출된 URL 목록:
  페이지 3에서 124개의 URL을 찾았습니다.
  URL 'https://cafe.naver.com/zoozoocom/253181' - 노출
  URL 'https://cafe.naver.com/gimhaezumma/2628264' - 노출

모니터링 결과가 data/latest_results_cancer.json에 저장되었습니다.

==================================================
 네이버 검색 노출 모니터링 보고서 - CANCER
==================================================
생성 시간: 2025-05-05 00:49:01

[노출된 키워드]
+-----------+-----------------+
| 키워드       | 상태              |
+===========+=================+
| 발효 황칠뿌리진액 | 모든 URL 노출 (3/3) |
+-----------+-----------------+
| 위암초기증상    | 모든 URL 노출 (2/2) |
+-----------+-----------------+

[노출되지 않은 키워드]
모든 키워드가 노출되었습니다.
JSON 결과가 data/latest_results_cancer.json에 저장되었습니다.

===== 카테고리: diabetes =====
diabetes 카테고리에 대한 네이버 검색 노출 모니터링을 시작합니다...
총 1 개의 키워드를 모니터링합니다...

키워드 '발효 황칠골드' 검색 중...
  페이지 1 검색 중...
'발효 황칠골드' 검색 중 (페이지 1)...
모든 a 태그에서 URL 추출 시도...
34개의 nocr 속성 요소 발견
176개의 잠재적 컨테이너 발견
총 135개의 고유 URL을 추출했습니다.
추출된 URL 목록:
  페이지 1에서 135개의 URL을 찾았습니다.
  페이지 2 검색 중...
'발효 황칠골드' 검색 중 (페이지 2)...
모든 a 태그에서 URL 추출 시도...
34개의 nocr 속성 요소 발견
176개의 잠재적 컨테이너 발견
총 135개의 고유 URL을 추출했습니다.
추출된 URL 목록:
  페이지 2에서 135개의 URL을 찾았습니다.
  페이지 3 검색 중...
'발효 황칠골드' 검색 중 (페이지 3)...
모든 a 태그에서 URL 추출 시도...
34개의 nocr 속성 요소 발견
176개의 잠재적 컨테이너 발견
총 135개의 고유 URL을 추출했습니다.
추출된 URL 목록:
  페이지 3에서 135개의 URL을 찾았습니다.
  URL 'https://blog.naver.com/8555tjsdhr/223538843483' - 노출

모니터링 결과가 data/latest_results_diabetes.json에 저장되었습니다.

==================================================
 네이버 검색 노출 모니터링 보고서 - DIABETES
==================================================
생성 시간: 2025-05-05 00:49:14

[노출된 키워드]
+---------+-----------------+
| 키워드     | 상태              |
+=========+=================+
| 발효 황칠골드 | 모든 URL 노출 (1/1) |
+---------+-----------------+

[노출되지 않은 키워드]
모든 키워드가 노출되었습니다.
JSON 결과가 data/latest_results_diabetes.json에 저장되었습니다.

===== 카테고리: cream =====
cream 카테고리에 대한 네이버 검색 노출 모니터링을 시작합니다...
총 1 개의 키워드를 모니터링합니다...

키워드 '리프팅크림' 검색 중...
  페이지 1 검색 중...
'리프팅크림' 검색 중 (페이지 1)...
모든 a 태그에서 URL 추출 시도...
108개의 nocr 속성 요소 발견
624개의 잠재적 컨테이너 발견
총 222개의 고유 URL을 추출했습니다.
추출된 URL 목록:
  페이지 1에서 222개의 URL을 찾았습니다.
  페이지 2 검색 중...
'리프팅크림' 검색 중 (페이지 2)...
모든 a 태그에서 URL 추출 시도...
108개의 nocr 속성 요소 발견
624개의 잠재적 컨테이너 발견
총 222개의 고유 URL을 추출했습니다.
추출된 URL 목록:
  페이지 2에서 222개의 URL을 찾았습니다.
  페이지 3 검색 중...
'리프팅크림' 검색 중 (페이지 3)...
모든 a 태그에서 URL 추출 시도...
108개의 nocr 속성 요소 발견
624개의 잠재적 컨테이너 발견
총 222개의 고유 URL을 추출했습니다.
추출된 URL 목록:
  페이지 3에서 222개의 URL을 찾았습니다.

모니터링 결과가 data/latest_results_cream.json에 저장되었습니다.

==================================================
 네이버 검색 노출 모니터링 보고서 - CREAM
==================================================
생성 시간: 2025-05-05 00:49:22

[노출된 키워드]
노출된 키워드가 없습니다.

[노출되지 않은 키워드]
+-------+-------------+
| 키워드   | 상태          |
+=======+=============+
| 리프팅크림 | 노출 없음 (0/0) |
+-------+-------------+
JSON 결과가 data/latest_results_cream.json에 저장되었습니다.

2025-05-05 00:49:30,817 - INFO - 모니터링 작업 완료
2025-05-05 00:49:30,817 - INFO - 스케줄러가 3시간마다 모니터링을 실행하도록 설정되었습니다.
2025-05-05 00:49:50,961 - INFO - 사용자에 의해 스케줄러가 중지되었습니다.
