2026-02-24 12:01:49,383 - INFO - email_reporter 모듈을 성공적으로 로드했습니다.
2026-02-24 12:01:49,383 - INFO - ============================================================
2026-02-24 12:01:49,383 - INFO -  네이버 검색 노출 모니터링 스케줄러 (Google Sheets 버전)
2026-02-24 12:01:49,384 - INFO - ============================================================
2026-02-24 12:01:49,385 - INFO - 모니터링이 연속 실행 모드로 설정되었습니다. (검사 완료 후 즉시 재검사)
2026-02-24 12:01:49,385 - INFO - 매일 10:10, 12:30에 이메일 보고서를 전송하도록 설정되었습니다.
2026-02-24 12:01:49,385 - INFO - ============================================================
2026-02-24 12:01:49,385 - INFO - 모니터링 작업 시작 (Google Sheets 버전)
2026-02-24 12:01:49,385 - INFO - ============================================================
2026-02-24 12:01:49,385 - INFO - 실행 시간: 2026-02-24 12:01:49
2026-02-24 12:01:51,374 - INFO -   WebDriver 리셋 완료 - 다음 사용 시 새로 초기화됩니다.
2026-02-24 12:01:51,374 - INFO -   캐시/쿠키 초기화 완료 - 깨끗한 상태에서 모니터링을 시작합니다.
2026-02-24 12:01:58,428 - INFO -   키워드별 모니터링 진행 중:   0%|          | 0/7 [00:00<?, ?it/s]
2026-02-24 12:02:02,512 - INFO -   키워드별 모니터링 진행 중:  14%|█▍        | 1/7 [00:06<00:37,  6.30s/it]
2026-02-24 12:02:06,334 - INFO -   키워드별 모니터링 진행 중:  29%|██▊       | 2/7 [00:10<00:24,  5.00s/it]
2026-02-24 12:02:11,708 - INFO -   키워드별 모니터링 진행 중:  43%|████▎     | 3/7 [00:14<00:17,  4.46s/it]
2026-02-24 12:02:15,623 - INFO -   키워드별 모니터링 진행 중:  57%|█████▋    | 4/7 [00:19<00:14,  4.82s/it]
2026-02-24 12:02:19,572 - INFO -   키워드별 모니터링 진행 중:  71%|███████▏  | 5/7 [00:23<00:08,  4.49s/it]
2026-02-24 12:02:23,118 - INFO -   키워드별 모니터링 진행 중:  86%|████████▌ | 6/7 [00:27<00:04,  4.31s/it]
2026-02-24 12:02:23,118 - INFO -   키워드별 모니터링 진행 중: 100%|██████████| 7/7 [00:30<00:00,  4.06s/it]
2026-02-24 12:02:23,118 - INFO -   키워드별 모니터링 진행 중: 100%|██████████| 7/7 [00:30<00:00,  4.43s/it]
2026-02-24 12:02:44,149 - INFO - 사용자에 의해 스케줄러가 중지되었습니다.
